This file contains any messages produced by compilers while
running configure, to aid debugging if configure makes a mistake.

It was created by gsl configure 2.6, which was
generated by GNU Autoconf 2.69.  Invocation command line was

  $ ./configure 

## --------- ##
## Platform. ##
## --------- ##

hostname = lukas-ThinkPad
uname -m = x86_64
uname -r = 5.8.0-40-generic
uname -s = Linux
uname -v = #45-Ubuntu SMP Fri Jan 15 11:05:36 UTC 2021

/usr/bin/uname -p = x86_64
/bin/uname -X     = unknown

/bin/arch              = x86_64
/usr/bin/arch -k       = unknown
/usr/convex/getsysinfo = unknown
/usr/bin/hostinfo      = unknown
/bin/machine           = unknown
/usr/bin/oslevel       = unknown
/bin/universe          = unknown

PATH: /home/lukas/.cargo/bin
PATH: /home/lukas/.cargo/bin
PATH: /home/lukas/.local/bin
PATH: /home/lukas/bin
PATH: /usr/local/sbin
PATH: /usr/local/bin
PATH: /usr/sbin
PATH: /usr/bin
PATH: /sbin
PATH: /bin
PATH: /usr/games
PATH: /usr/local/games
PATH: /snap/bin
PATH: /usr/local/bin/go
PATH: /home/lukas/go/bin
PATH: /home/lukas/.local/bin


## ----------- ##
## Core tests. ##
## ----------- ##

configure:2377: checking for a BSD-compatible install
configure:2445: result: /usr/bin/install -c
configure:2456: checking whether build environment is sane
configure:2511: result: yes
configure:2660: checking for a thread-safe mkdir -p
configure:2699: result: /usr/bin/mkdir -p
configure:2706: checking for gawk
configure:2736: result: no
configure:2706: checking for mawk
configure:2722: found /usr/bin/mawk
configure:2733: result: mawk
configure:2744: checking whether make sets $(MAKE)
configure:2766: result: yes
configure:2795: checking whether make supports nested variables
configure:2812: result: yes
configure:2899: checking whether to enable maintainer-specific portions of Makefiles
configure:2908: result: no
configure:2946: checking for a sed that does not truncate output
configure:3010: result: /usr/bin/sed
configure:3022: checking whether make sets $(MAKE)
configure:3044: result: yes
configure:3058: checking build system type
configure:3072: result: x86_64-unknown-linux-gnu
configure:3092: checking host system type
configure:3105: result: x86_64-unknown-linux-gnu
configure:3180: checking for gcc
configure:3196: found /usr/bin/gcc
configure:3207: result: gcc
configure:3436: checking for C compiler version
configure:3445: gcc --version >&5
gcc (Ubuntu 10.2.0-13ubuntu1) 10.2.0
Copyright (C) 2020 Free Software Foundation, Inc.
This is free software; see the source for copying conditions.  There is NO
warranty; not even for MERCHANTABILITY or FITNESS FOR A PARTICULAR PURPOSE.

configure:3456: $? = 0
configure:3445: gcc -v >&5
Using built-in specs.
COLLECT_GCC=gcc
COLLECT_LTO_WRAPPER=/usr/lib/gcc/x86_64-linux-gnu/10/lto-wrapper
OFFLOAD_TARGET_NAMES=nvptx-none:amdgcn-amdhsa:hsa
OFFLOAD_TARGET_DEFAULT=1
Target: x86_64-linux-gnu
Configured with: ../src/configure -v --with-pkgversion='Ubuntu 10.2.0-13ubuntu1' --with-bugurl=file:///usr/share/doc/gcc-10/README.Bugs --enable-languages=c,ada,c++,go,brig,d,fortran,objc,obj-c++,m2 --prefix=/usr --with-gcc-major-version-only --program-suffix=-10 --program-prefix=x86_64-linux-gnu- --enable-shared --enable-linker-build-id --libexecdir=/usr/lib --without-included-gettext --enable-threads=posix --libdir=/usr/lib --enable-nls --enable-clocale=gnu --enable-libstdcxx-debug --enable-libstdcxx-time=yes --with-default-libstdcxx-abi=new --enable-gnu-unique-object --disable-vtable-verify --enable-plugin --enable-default-pie --with-system-zlib --enable-libphobos-checking=release --with-target-system-zlib=auto --enable-objc-gc=auto --enable-multiarch --disable-werror --with-arch-32=i686 --with-abi=m64 --with-multilib-list=m32,m64,mx32 --enable-multilib --with-tune=generic --enable-offload-targets=nvptx-none=/build/gcc-10-JvwpWM/gcc-10-10.2.0/debian/tmp-nvptx/usr,amdgcn-amdhsa=/build/gcc-10-JvwpWM/gcc-10-10.2.0/debian/tmp-gcn/usr,hsa --without-cuda-driver --enable-checking=release --build=x86_64-linux-gnu --host=x86_64-linux-gnu --target=x86_64-linux-gnu
Thread model: posix
Supported LTO compression algorithms: zlib zstd
gcc version 10.2.0 (Ubuntu 10.2.0-13ubuntu1) 
... rest of stderr output deleted ...
configure:3456: $? = 0
configure:3445: gcc -V >&5
gcc: error: unrecognized command-line option '-V'
gcc: fatal error: no input files
compilation terminated.
configure:3456: $? = 1
configure:3445: gcc -qversion >&5
gcc: error: unrecognized command-line option '-qversion'; did you mean '--version'?
gcc: fatal error: no input files
compilation terminated.
configure:3456: $? = 1
configure:3476: checking whether the C compiler works
configure:3498: gcc    conftest.c  >&5
configure:3502: $? = 0
configure:3550: result: yes
configure:3553: checking for C compiler default output file name
configure:3555: result: a.out
configure:3561: checking for suffix of executables
configure:3568: gcc -o conftest    conftest.c  >&5
configure:3572: $? = 0
configure:3594: result: 
configure:3616: checking whether we are cross compiling
configure:3624: gcc -o conftest    conftest.c  >&5
configure:3628: $? = 0
configure:3635: ./conftest
configure:3639: $? = 0
configure:3627: result: no
configure:3632: checking for suffix of object files
configure:3654: gcc -c   conftest.c >&5
configure:3658: $? = 0
configure:3679: result: o
configure:3683: checking whether we are using the GNU C compiler
configure:3702: gcc -c   conftest.c >&5
configure:3702: $? = 0
configure:3711: result: yes
configure:3720: checking whether gcc accepts -g
configure:3740: gcc -c -g  conftest.c >&5
configure:3740: $? = 0
configure:3781: result: yes
configure:3798: checking for gcc option to accept ISO C89
configure:3861: gcc  -c -g -O2  conftest.c >&5
configure:3861: $? = 0
configure:3874: result: none needed
configure:3905: checking for style of include used by make
configure:3933: result: GNU
configure:3959: checking dependency style of gcc
configure:4070: result: gcc3
configure:4090: checking how to run the C preprocessor
configure:4121: gcc -E  conftest.c
configure:4121: $? = 0
configure:4135: gcc -E  conftest.c
conftest.c:12:10: fatal error: ac_nonexistent.h: No such file or directory
   12 | #include <ac_nonexistent.h>
      |          ^~~~~~~~~~~~~~~~~~
compilation terminated.
configure:4135: $? = 1
configure: failed program was:
| /* confdefs.h */
| #define PACKAGE_NAME "gsl"
| #define PACKAGE_TARNAME "gsl"
| #define PACKAGE_VERSION "2.6"
| #define PACKAGE_STRING "gsl 2.6"
| #define PACKAGE_BUGREPORT ""
| #define PACKAGE_URL ""
| #define PACKAGE "gsl"
| #define VERSION "2.6"
| #define RELEASED /**/
| /* end confdefs.h.  */
| #include <ac_nonexistent.h>
configure:4160: result: gcc -E
configure:4180: gcc -E  conftest.c
configure:4180: $? = 0
configure:4194: gcc -E  conftest.c
conftest.c:12:10: fatal error: ac_nonexistent.h: No such file or directory
   12 | #include <ac_nonexistent.h>
      |          ^~~~~~~~~~~~~~~~~~
compilation terminated.
configure:4194: $? = 1
configure: failed program was:
| /* confdefs.h */
| #define PACKAGE_NAME "gsl"
| #define PACKAGE_TARNAME "gsl"
| #define PACKAGE_VERSION "2.6"
| #define PACKAGE_STRING "gsl 2.6"
| #define PACKAGE_BUGREPORT ""
| #define PACKAGE_URL ""
| #define PACKAGE "gsl"
| #define VERSION "2.6"
| #define RELEASED /**/
| /* end confdefs.h.  */
| #include <ac_nonexistent.h>
configure:4223: checking whether ln -s works
configure:4227: result: yes
configure:4280: checking how to print strings
configure:4307: result: printf
configure:4328: checking for a sed that does not truncate output
configure:4392: result: /usr/bin/sed
configure:4410: checking for grep that handles long lines and -e
configure:4468: result: /usr/bin/grep
configure:4473: checking for egrep
configure:4535: result: /usr/bin/grep -E
configure:4540: checking for fgrep
configure:4602: result: /usr/bin/grep -F
configure:4637: checking for ld used by gcc
configure:4704: result: /usr/bin/ld
configure:4711: checking if the linker (/usr/bin/ld) is GNU ld
configure:4726: result: yes
configure:4738: checking for BSD- or MS-compatible name lister (nm)
configure:4787: result: /usr/bin/nm -B
configure:4917: checking the name lister (/usr/bin/nm -B) interface
configure:4924: gcc -c -g -O2  conftest.c >&5
configure:4927: /usr/bin/nm -B "conftest.o"
configure:4930: output
0000000000000000 B some_variable
configure:4931: result: BSD nm
configure:4935: checking the maximum length of command line arguments
configure:5065: result: 1572864
configure:5082: checking whether the shell understands some XSI constructs
configure:5091: result: yes
configure:5095: checking whether the shell understands "+="
configure:5099: result: yes
configure:5134: checking how to convert x86_64-unknown-linux-gnu file names to x86_64-unknown-linux-gnu format
configure:5174: result: func_convert_file_noop
configure:5181: checking how to convert x86_64-unknown-linux-gnu file names to toolchain format
configure:5201: result: func_convert_file_noop
configure:5208: checking for /usr/bin/ld option to reload object files
configure:5215: result: -r
configure:5289: checking for objdump
configure:5305: found /usr/bin/objdump
configure:5316: result: objdump
configure:5345: checking how to recognize dependent libraries
configure:5547: result: pass_all
configure:5632: checking for dlltool
configure:5662: result: no
configure:5689: checking how to associate runtime and link libraries
configure:5716: result: printf %s\n
configure:5777: checking for ar
configure:5793: found /usr/bin/ar
configure:5804: result: ar
configure:5841: checking for archiver @FILE support
configure:5858: gcc -c -g -O2  conftest.c >&5
configure:5858: $? = 0
configure:5861: ar cru libconftest.a @conftest.lst >&5
ar: `u' modifier ignored since `D' is the default (see `U')
configure:5864: $? = 0
configure:5869: ar cru libconftest.a @conftest.lst >&5
ar: `u' modifier ignored since `D' is the default (see `U')
ar: conftest.o: No such file or directory
configure:5872: $? = 1
configure:5871: result: @
configure:5929: checking for strip
configure:5945: found /usr/bin/strip
configure:5956: result: strip
configure:6028: checking for ranlib
configure:6044: found /usr/bin/ranlib
configure:6055: result: ranlib
configure:6157: checking command to parse /usr/bin/nm -B output from gcc object
configure:6277: gcc -c -g -O2  conftest.c >&5
configure:6280: $? = 0
configure:6284: /usr/bin/nm -B conftest.o \| sed -n -e 's/^.*[ ]\([ABCDGIRSTW][ABCDGIRSTW]*\)[ ][ ]*\([_A-Za-z][_A-Za-z0-9]*\)$/\1 \2 \2/p' | sed '/ __gnu_lto/d' \> conftest.nm
configure:6287: $? = 0
configure:6353: gcc -o conftest -g -O2   conftest.c conftstm.o >&5
configure:6356: $? = 0
configure:6394: result: ok
configure:6431: checking for sysroot
configure:6461: result: no
configure:6538: gcc -c -g -O2  conftest.c >&5
configure:6541: $? = 0
configure:6717: checking for mt
configure:6733: found /usr/bin/mt
configure:6744: result: mt
configure:6767: checking if mt is a manifest tool
configure:6773: mt '-?'
configure:6781: result: no
configure:7419: checking for ANSI C header files
configure:7439: gcc -c -g -O2  conftest.c >&5
configure:7439: $? = 0
configure:7512: gcc -o conftest -g -O2   conftest.c  >&5
configure:7512: $? = 0
configure:7512: ./conftest
configure:7512: $? = 0
configure:7523: result: yes
configure:7536: checking for sys/types.h
configure:7536: gcc -c -g -O2  conftest.c >&5
configure:7536: $? = 0
configure:7536: result: yes
configure:7536: checking for sys/stat.h
configure:7536: gcc -c -g -O2  conftest.c >&5
configure:7536: $? = 0
configure:7536: result: yes
configure:7536: checking for stdlib.h
configure:7536: gcc -c -g -O2  conftest.c >&5
configure:7536: $? = 0
configure:7536: result: yes
configure:7536: checking for string.h
configure:7536: gcc -c -g -O2  conftest.c >&5
configure:7536: $? = 0
configure:7536: result: yes
configure:7536: checking for memory.h
configure:7536: gcc -c -g -O2  conftest.c >&5
configure:7536: $? = 0
configure:7536: result: yes
configure:7536: checking for strings.h
configure:7536: gcc -c -g -O2  conftest.c >&5
configure:7536: $? = 0
configure:7536: result: yes
configure:7536: checking for inttypes.h
configure:7536: gcc -c -g -O2  conftest.c >&5
configure:7536: $? = 0
configure:7536: result: yes
configure:7536: checking for stdint.h
configure:7536: gcc -c -g -O2  conftest.c >&5
configure:7536: $? = 0
configure:7536: result: yes
configure:7536: checking for unistd.h
configure:7536: gcc -c -g -O2  conftest.c >&5
configure:7536: $? = 0
configure:7536: result: yes
configure:7550: checking for dlfcn.h
configure:7550: gcc -c -g -O2  conftest.c >&5
configure:7550: $? = 0
configure:7550: result: yes
configure:8054: checking for objdir
configure:8069: result: .libs
configure:8336: checking if gcc supports -fno-rtti -fno-exceptions
configure:8354: gcc -c -g -O2  -fno-rtti -fno-exceptions conftest.c >&5
cc1: warning: command-line option '-fno-rtti' is valid for C++/D/ObjC++ but not for C
configure:8358: $? = 0
configure:8371: result: no
configure:8698: checking for gcc option to produce PIC
configure:8705: result: -fPIC -DPIC
configure:8713: checking if gcc PIC flag -fPIC -DPIC works
configure:8731: gcc -c -g -O2  -fPIC -DPIC -DPIC conftest.c >&5
configure:8735: $? = 0
configure:8748: result: yes
configure:8777: checking if gcc static flag -static works
configure:8805: result: yes
configure:8820: checking if gcc supports -c -o file.o
configure:8841: gcc -c -g -O2  -o out/conftest2.o conftest.c >&5
configure:8845: $? = 0
configure:8867: result: yes
configure:8875: checking if gcc supports -c -o file.o
configure:8922: result: yes
configure:8955: checking whether the gcc linker (/usr/bin/ld -m elf_x86_64) supports shared libraries
configure:10108: result: yes
configure:10145: checking whether -lc should be explicitly linked in
configure:10153: gcc -c -g -O2  conftest.c >&5
configure:10156: $? = 0
configure:10171: gcc -shared  -fPIC -DPIC conftest.o  -v -Wl,-soname -Wl,conftest -o conftest 2\>\&1 \| /usr/bin/grep  -lc  \>/dev/null 2\>\&1
configure:10174: $? = 0
configure:10188: result: no
configure:10348: checking dynamic linker characteristics
configure:10859: gcc -o conftest -g -O2   -Wl,-rpath -Wl,/foo conftest.c  >&5
configure:10859: $? = 0
configure:11085: result: GNU/Linux ld.so
configure:11192: checking how to hardcode library paths into programs
configure:11217: result: immediate
configure:11757: checking whether stripping libraries is possible
configure:11762: result: yes
configure:11797: checking if libtool supports shared libraries
configure:11799: result: yes
configure:11802: checking whether to build shared libraries
configure:11823: result: yes
configure:11826: checking whether to build static libraries
configure:11830: result: yes
configure:8874: checking for size_t
configure:8874: gcc -c -g -O2  conftest.c >&5
configure:8874: $? = 0
configure:8874: gcc -c -g -O2  conftest.c >&5
conftest.c: In function 'main':
conftest.c:60:21: error: expected expression before ')' token
   60 | if (sizeof ((size_t)))
      |                     ^
configure:8874: $? = 1
configure: failed program was:
| /* confdefs.h */
| #define PACKAGE_NAME "gsl"
| #define PACKAGE_TARNAME "gsl"
| #define PACKAGE_VERSION "2.6"
| #define PACKAGE_STRING "gsl 2.6"
| #define PACKAGE_BUGREPORT ""
| #define PACKAGE_URL ""
| #define PACKAGE "gsl"
| #define VERSION "2.6"
| #define RELEASED /**/
| #define STDC_HEADERS 1
| #define HAVE_SYS_TYPES_H 1
| #define HAVE_SYS_STAT_H 1
| #define HAVE_STDLIB_H 1
| #define HAVE_STRING_H 1
| #define HAVE_MEMORY_H 1
| #define HAVE_STRINGS_H 1
| #define HAVE_INTTYPES_H 1
| #define HAVE_STDINT_H 1
| #define HAVE_UNISTD_H 1
| #define HAVE_DLFCN_H 1
| #define LT_OBJDIR ".libs/"
| /* end confdefs.h.  */
| #include <stdio.h>
| #ifdef HAVE_SYS_TYPES_H
| # include <sys/types.h>
| #endif
| #ifdef HAVE_SYS_STAT_H
| # include <sys/stat.h>
| #endif
| #ifdef STDC_HEADERS
| # include <stdlib.h>
| # include <stddef.h>
| #else
| # ifdef HAVE_STDLIB_H
| #  include <stdlib.h>
| # endif
| #endif
| #ifdef HAVE_STRING_H
| # if !defined STDC_HEADERS && defined HAVE_MEMORY_H
| #  include <memory.h>
| # endif
| # include <string.h>
| #endif
| #ifdef HAVE_STRINGS_H
| # include <strings.h>
| #endif
| #ifdef HAVE_INTTYPES_H
| # include <inttypes.h>
| #endif
| #ifdef HAVE_STDINT_H
| # include <stdint.h>
| #endif
| #ifdef HAVE_UNISTD_H
| # include <unistd.h>
| #endif
| int
| main ()
| {
| if (sizeof ((size_t)))
| 	    return 0;
|   ;
|   return 0;
| }
configure:8874: result: yes
configure:8885: checking for working volatile
configure:8904: gcc -c -g -O2  conftest.c >&5
configure:8904: $? = 0
configure:8911: result: yes
configure:8919: checking for inline
configure:8935: gcc -c -g -O2  conftest.c >&5
configure:8935: $? = 0
configure:8943: result: inline
configure:8961: checking whether char is unsigned
configure:8980: gcc -c -g -O2  conftest.c >&5
configure:8980: $? = 0
configure:8987: result: no
configure:9085: checking for cos in -lm
configure:9110: gcc -o conftest -g -O2   conftest.c -lm   >&5
conftest.c:31:6: warning: conflicting types for built-in function 'cos'; expected 'double(double)' [-Wbuiltin-declaration-mismatch]
   31 | char cos ();
      |      ^~~
conftest.c:1:1: note: 'cos' is declared in header '<math.h>'
    1 | /* confdefs.h */
configure:9110: $? = 0
configure:9119: result: yes
configure:9136: checking for GNU-style extern inline
configure:9155: gcc -c -g -O2  conftest.c >&5
conftest.c:26:11: error: redefinition of 'foo'
   26 |    double foo (double x) { return x + 1.0 ; };
      |           ^~~
conftest.c:25:25: note: previous definition of 'foo' was here
   25 |    extern inline double foo(double x) { return x + 1.0 ; } ;
      |                         ^~~
configure:9155: $? = 1
configure: failed program was:
| /* confdefs.h */
| #define PACKAGE_NAME "gsl"
| #define PACKAGE_TARNAME "gsl"
| #define PACKAGE_VERSION "2.6"
| #define PACKAGE_STRING "gsl 2.6"
| #define PACKAGE_BUGREPORT ""
| #define PACKAGE_URL ""
| #define PACKAGE "gsl"
| #define VERSION "2.6"
| #define RELEASED /**/
| #define STDC_HEADERS 1
| #define HAVE_SYS_TYPES_H 1
| #define HAVE_SYS_STAT_H 1
| #define HAVE_STDLIB_H 1
| #define HAVE_STRING_H 1
| #define HAVE_MEMORY_H 1
| #define HAVE_STRINGS_H 1
| #define HAVE_INTTYPES_H 1
| #define HAVE_STDINT_H 1
| #define HAVE_UNISTD_H 1
| #define HAVE_DLFCN_H 1
| #define LT_OBJDIR ".libs/"
| /* end confdefs.h.  */
| extern inline double foo(double x);
|    extern inline double foo(double x) { return x + 1.0 ; } ;
|    double foo (double x) { return x + 1.0 ; };
| int
| main ()
| {
|   foo(1.0)
|   ;
|   return 0;
| }
configure:9161: result: no
configure:9169: checking for C99-style inline
configure:9186: gcc -c -g -O2  conftest.c >&5
configure:9186: $? = 0
configure:9202: gcc -c -g -O2  conftest.c >&5
configure:9202: $? = 0
configure:9211: result: yes
configure:9226: checking ieeefp.h usability
configure:9226: gcc -c -g -O2  conftest.c >&5
conftest.c:59:10: fatal error: ieeefp.h: No such file or directory
   59 | #include <ieeefp.h>
      |          ^~~~~~~~~~
compilation terminated.
configure:9226: $? = 1
configure: failed program was:
| /* confdefs.h */
| #define PACKAGE_NAME "gsl"
| #define PACKAGE_TARNAME "gsl"
| #define PACKAGE_VERSION "2.6"
| #define PACKAGE_STRING "gsl 2.6"
| #define PACKAGE_BUGREPORT ""
| #define PACKAGE_URL ""
| #define PACKAGE "gsl"
| #define VERSION "2.6"
| #define RELEASED /**/
| #define STDC_HEADERS 1
| #define HAVE_SYS_TYPES_H 1
| #define HAVE_SYS_STAT_H 1
| #define HAVE_STDLIB_H 1
| #define HAVE_STRING_H 1
| #define HAVE_MEMORY_H 1
| #define HAVE_STRINGS_H 1
| #define HAVE_INTTYPES_H 1
| #define HAVE_STDINT_H 1
| #define HAVE_UNISTD_H 1
| #define HAVE_DLFCN_H 1
| #define LT_OBJDIR ".libs/"
| #define HAVE_INLINE 1
| #define HAVE_C99_INLINE 1
| /* end confdefs.h.  */
| #include <stdio.h>
| #ifdef HAVE_SYS_TYPES_H
| # include <sys/types.h>
| #endif
| #ifdef HAVE_SYS_STAT_H
| # include <sys/stat.h>
| #endif
| #ifdef STDC_HEADERS
| # include <stdlib.h>
| # include <stddef.h>
| #else
| # ifdef HAVE_STDLIB_H
| #  include <stdlib.h>
| # endif
| #endif
| #ifdef HAVE_STRING_H
| # if !defined STDC_HEADERS && defined HAVE_MEMORY_H
| #  include <memory.h>
| # endif
| # include <string.h>
| #endif
| #ifdef HAVE_STRINGS_H
| # include <strings.h>
| #endif
| #ifdef HAVE_INTTYPES_H
| # include <inttypes.h>
| #endif
| #ifdef HAVE_STDINT_H
| # include <stdint.h>
| #endif
| #ifdef HAVE_UNISTD_H
| # include <unistd.h>
| #endif
| #include <ieeefp.h>
configure:9226: result: no
configure:9226: checking ieeefp.h presence
configure:9226: gcc -E  conftest.c
conftest.c:26:10: fatal error: ieeefp.h: No such file or directory
   26 | #include <ieeefp.h>
      |          ^~~~~~~~~~
compilation terminated.
configure:9226: $? = 1
configure: failed program was:
| /* confdefs.h */
| #define PACKAGE_NAME "gsl"
| #define PACKAGE_TARNAME "gsl"
| #define PACKAGE_VERSION "2.6"
| #define PACKAGE_STRING "gsl 2.6"
| #define PACKAGE_BUGREPORT ""
| #define PACKAGE_URL ""
| #define PACKAGE "gsl"
| #define VERSION "2.6"
| #define RELEASED /**/
| #define STDC_HEADERS 1
| #define HAVE_SYS_TYPES_H 1
| #define HAVE_SYS_STAT_H 1
| #define HAVE_STDLIB_H 1
| #define HAVE_STRING_H 1
| #define HAVE_MEMORY_H 1
| #define HAVE_STRINGS_H 1
| #define HAVE_INTTYPES_H 1
| #define HAVE_STDINT_H 1
| #define HAVE_UNISTD_H 1
| #define HAVE_DLFCN_H 1
| #define LT_OBJDIR ".libs/"
| #define HAVE_INLINE 1
| #define HAVE_C99_INLINE 1
| /* end confdefs.h.  */
| #include <ieeefp.h>
configure:9226: result: no
configure:9226: checking for ieeefp.h
configure:9226: result: no
configure:9255: checking for vprintf
configure:9255: gcc -o conftest -g -O2   conftest.c  >&5
conftest.c:49:6: warning: conflicting types for built-in function 'vprintf'; expected 'int(const char *, __va_list_tag *)' [-Wbuiltin-declaration-mismatch]
   49 | char vprintf ();
      |      ^~~~~~~
conftest.c:37:1: note: 'vprintf' is declared in header '<stdio.h>'
   36 | # include <limits.h>
   37 | #else
configure:9255: $? = 0
configure:9255: result: yes
configure:9261: checking for _doprnt
configure:9261: gcc -o conftest -g -O2   conftest.c  >&5
/usr/bin/ld: /tmp/ccXtiqcF.o: in function `main':
/home/lukas/Daten/ETH/4_Semester/Code/optimal-noise-sheila/src/gsl/gsl-2.6/conftest.c:61: undefined reference to `_doprnt'
collect2: error: ld returned 1 exit status
configure:9261: $? = 1
configure: failed program was:
| /* confdefs.h */
| #define PACKAGE_NAME "gsl"
| #define PACKAGE_TARNAME "gsl"
| #define PACKAGE_VERSION "2.6"
| #define PACKAGE_STRING "gsl 2.6"
| #define PACKAGE_BUGREPORT ""
| #define PACKAGE_URL ""
| #define PACKAGE "gsl"
| #define VERSION "2.6"
| #define RELEASED /**/
| #define STDC_HEADERS 1
| #define HAVE_SYS_TYPES_H 1
| #define HAVE_SYS_STAT_H 1
| #define HAVE_STDLIB_H 1
| #define HAVE_STRING_H 1
| #define HAVE_MEMORY_H 1
| #define HAVE_STRINGS_H 1
| #define HAVE_INTTYPES_H 1
| #define HAVE_STDINT_H 1
| #define HAVE_UNISTD_H 1
| #define HAVE_DLFCN_H 1
| #define LT_OBJDIR ".libs/"
| #define HAVE_INLINE 1
| #define HAVE_C99_INLINE 1
| #define HAVE_VPRINTF 1
| /* end confdefs.h.  */
| /* Define _doprnt to an innocuous variant, in case <limits.h> declares _doprnt.
|    For example, HP-UX 11i <limits.h> declares gettimeofday.  */
| #define _doprnt innocuous__doprnt
| 
| /* System header to define __stub macros and hopefully few prototypes,
|     which can conflict with char _doprnt (); below.
|     Prefer <limits.h> to <assert.h> if __STDC__ is defined, since
|     <limits.h> exists even on freestanding compilers.  */
| 
| #ifdef __STDC__
| # include <limits.h>
| #else
| # include <assert.h>
| #endif
| 
| #undef _doprnt
| 
| /* Override any GCC internal prototype to avoid an error.
|    Use char because int might match the return type of a GCC
|    builtin and then its argument prototype would still apply.  */
| #ifdef __cplusplus
| extern "C"
| #endif
| char _doprnt ();
| /* The GNU C library defines this for functions which it implements
|     to always fail with ENOSYS.  Some functions are actually named
|     something starting with __ and the normal name is an alias.  */
| #if defined __stub__doprnt || defined __stub____doprnt
| choke me
| #endif
| 
| int
| main ()
| {
| return _doprnt ();
|   ;
|   return 0;
| }
configure:9261: result: no
configure:9273: checking for memcpy
configure:9273: gcc -o conftest -g -O2   conftest.c  >&5
conftest.c:50:6: warning: conflicting types for built-in function 'memcpy'; expected 'void *(void *, const void *, long unsigned int)' [-Wbuiltin-declaration-mismatch]
   50 | char memcpy ();
      |      ^~~~~~
conftest.c:38:1: note: 'memcpy' is declared in header '<string.h>'
   37 | # include <limits.h>
   38 | #else
configure:9273: $? = 0
configure:9273: result: yes
configure:9286: checking for memmove
configure:9286: gcc -o conftest -g -O2   conftest.c  >&5
conftest.c:51:6: warning: conflicting types for built-in function 'memmove'; expected 'void *(void *, const void *, long unsigned int)' [-Wbuiltin-declaration-mismatch]
   51 | char memmove ();
      |      ^~~~~~~
conftest.c:39:1: note: 'memmove' is declared in header '<string.h>'
   38 | # include <limits.h>
   39 | #else
configure:9286: $? = 0
configure:9286: result: yes
configure:9299: checking for strdup
configure:9299: gcc -o conftest -g -O2   conftest.c  >&5
conftest.c:52:6: warning: conflicting types for built-in function 'strdup'; expected 'char *(const char *)' [-Wbuiltin-declaration-mismatch]
   52 | char strdup ();
      |      ^~~~~~
configure:9299: $? = 0
configure:9299: result: yes
configure:9312: checking for strtol
configure:9312: gcc -o conftest -g -O2   conftest.c  >&5
configure:9312: $? = 0
configure:9312: result: yes
configure:9325: checking for strtoul
configure:9325: gcc -o conftest -g -O2   conftest.c  >&5
configure:9325: $? = 0
configure:9325: result: yes
configure:9340: checking for EXIT_SUCCESS and EXIT_FAILURE
configure:9364: result: yes
configure:9375: checking for cos in -lm
configure:9409: result: yes
configure:9422: checking whether feenableexcept is declared
configure:9422: gcc -c -g -O2  conftest.c >&5
configure:9422: $? = 0
configure:9422: result: yes
configure:9435: checking whether fesettrapenable is declared
configure:9435: gcc -c -g -O2  conftest.c >&5
conftest.c: In function 'main':
conftest.c:45:10: error: 'fesettrapenable' undeclared (first use in this function)
   45 |   (void) fesettrapenable;
      |          ^~~~~~~~~~~~~~~
conftest.c:45:10: note: each undeclared identifier is reported only once for each function it appears in
configure:9435: $? = 1
configure: failed program was:
| /* confdefs.h */
| #define PACKAGE_NAME "gsl"
| #define PACKAGE_TARNAME "gsl"
| #define PACKAGE_VERSION "2.6"
| #define PACKAGE_STRING "gsl 2.6"
| #define PACKAGE_BUGREPORT ""
| #define PACKAGE_URL ""
| #define PACKAGE "gsl"
| #define VERSION "2.6"
| #define RELEASED /**/
| #define STDC_HEADERS 1
| #define HAVE_SYS_TYPES_H 1
| #define HAVE_SYS_STAT_H 1
| #define HAVE_STDLIB_H 1
| #define HAVE_STRING_H 1
| #define HAVE_MEMORY_H 1
| #define HAVE_STRINGS_H 1
| #define HAVE_INTTYPES_H 1
| #define HAVE_STDINT_H 1
| #define HAVE_UNISTD_H 1
| #define HAVE_DLFCN_H 1
| #define LT_OBJDIR ".libs/"
| #define HAVE_INLINE 1
| #define HAVE_C99_INLINE 1
| #define HAVE_VPRINTF 1
| #define HAVE_MEMCPY 1
| #define HAVE_MEMMOVE 1
| #define HAVE_STRDUP 1
| #define HAVE_STRTOL 1
| #define HAVE_STRTOUL 1
| #define HAVE_EXIT_SUCCESS_AND_FAILURE 1
| #define HAVE_LIBM 1
| #define HAVE_DECL_FEENABLEEXCEPT 1
| /* end confdefs.h.  */
| #define _GNU_SOURCE 1
| #include <fenv.h>
| 
| int
| main ()
| {
| #ifndef fesettrapenable
| #ifdef __cplusplus
|   (void) fesettrapenable;
| #else
|   (void) fesettrapenable;
| #endif
| #endif
| 
|   ;
|   return 0;
| }
configure:9435: result: no
configure:9448: checking whether hypot is declared
configure:9448: gcc -c -g -O2  conftest.c >&5
configure:9448: $? = 0
configure:9448: result: yes
configure:9460: checking whether expm1 is declared
configure:9460: gcc -c -g -O2  conftest.c >&5
configure:9460: $? = 0
configure:9460: result: yes
configure:9472: checking whether acosh is declared
configure:9472: gcc -c -g -O2  conftest.c >&5
configure:9472: $? = 0
configure:9472: result: yes
configure:9484: checking whether asinh is declared
configure:9484: gcc -c -g -O2  conftest.c >&5
configure:9484: $? = 0
configure:9484: result: yes
configure:9496: checking whether atanh is declared
configure:9496: gcc -c -g -O2  conftest.c >&5
configure:9496: $? = 0
configure:9496: result: yes
configure:9508: checking whether ldexp is declared
configure:9508: gcc -c -g -O2  conftest.c >&5
configure:9508: $? = 0
configure:9508: result: yes
configure:9520: checking whether frexp is declared
configure:9520: gcc -c -g -O2  conftest.c >&5
configure:9520: $? = 0
configure:9520: result: yes
configure:9532: checking whether fprnd_t is declared
configure:9532: gcc -c -g -O2  conftest.c >&5
conftest.c: In function 'main':
conftest.c:52:10: error: 'fprnd_t' undeclared (first use in this function)
   52 |   (void) fprnd_t;
      |          ^~~~~~~
conftest.c:52:10: note: each undeclared identifier is reported only once for each function it appears in
configure:9532: $? = 1
configure: failed program was:
| /* confdefs.h */
| #define PACKAGE_NAME "gsl"
| #define PACKAGE_TARNAME "gsl"
| #define PACKAGE_VERSION "2.6"
| #define PACKAGE_STRING "gsl 2.6"
| #define PACKAGE_BUGREPORT ""
| #define PACKAGE_URL ""
| #define PACKAGE "gsl"
| #define VERSION "2.6"
| #define RELEASED /**/
| #define STDC_HEADERS 1
| #define HAVE_SYS_TYPES_H 1
| #define HAVE_SYS_STAT_H 1
| #define HAVE_STDLIB_H 1
| #define HAVE_STRING_H 1
| #define HAVE_MEMORY_H 1
| #define HAVE_STRINGS_H 1
| #define HAVE_INTTYPES_H 1
| #define HAVE_STDINT_H 1
| #define HAVE_UNISTD_H 1
| #define HAVE_DLFCN_H 1
| #define LT_OBJDIR ".libs/"
| #define HAVE_INLINE 1
| #define HAVE_C99_INLINE 1
| #define HAVE_VPRINTF 1
| #define HAVE_MEMCPY 1
| #define HAVE_MEMMOVE 1
| #define HAVE_STRDUP 1
| #define HAVE_STRTOL 1
| #define HAVE_STRTOUL 1
| #define HAVE_EXIT_SUCCESS_AND_FAILURE 1
| #define HAVE_LIBM 1
| #define HAVE_DECL_FEENABLEEXCEPT 1
| #define HAVE_DECL_FESETTRAPENABLE 0
| #define HAVE_DECL_HYPOT 1
| #define HAVE_DECL_EXPM1 1
| #define HAVE_DECL_ACOSH 1
| #define HAVE_DECL_ASINH 1
| #define HAVE_DECL_ATANH 1
| #define HAVE_DECL_LDEXP 1
| #define HAVE_DECL_FREXP 1
| /* end confdefs.h.  */
| #include <float.h>
| 
| int
| main ()
| {
| #ifndef fprnd_t
| #ifdef __cplusplus
|   (void) fprnd_t;
| #else
|   (void) fprnd_t;
| #endif
| #endif
| 
|   ;
|   return 0;
| }
configure:9532: result: no
configure:9544: checking whether isinf is declared
configure:9544: gcc -c -g -O2  conftest.c >&5
configure:9544: $? = 0
configure:9544: result: yes
configure:9556: checking whether isfinite is declared
configure:9556: gcc -c -g -O2  conftest.c >&5
configure:9556: $? = 0
configure:9556: result: yes
configure:9568: checking whether finite is declared
configure:9568: gcc -c -g -O2  conftest.c >&5
configure:9568: $? = 0
configure:9568: result: yes
configure:9583: checking whether isnan is declared
configure:9583: gcc -c -g -O2  conftest.c >&5
configure:9583: $? = 0
configure:9583: result: yes
configure:9602: checking whether log1p is declared
configure:9602: gcc -c -g -O2  conftest.c >&5
configure:9602: $? = 0
configure:9602: result: yes
configure:9617: checking for long double stdio
configure:9638: gcc -o conftest -g -O2   conftest.c -lm  >&5
configure:9638: $? = 0
configure:9638: ./conftest
1.234
configure:9638: $? = 0
configure:9648: result: yes
configure:9657: checking for extended floating point registers
configure:9690: result: yes
configure:9699: checking for IEEE arithmetic interface type
configure:9762: result: gnux86
configure:9766: checking for FPU_SETCW
configure:9788: gcc -c -g -O2  conftest.c >&5
configure:9788: $? = 0
configure:9796: result: yes
configure:9801: checking for SSE extensions
configure:9845: gcc -o conftest -g -O2   conftest.c -lm  >&5
configure:9845: $? = 0
configure:9845: ./conftest
configure:9845: $? = 0
configure:9855: result: yes
configure:9892: checking for IEEE compiler flags
configure:9931: result: none
configure:9940: checking for IEEE comparisons
configure:9961: gcc -o conftest -g -O2   conftest.c -lm  >&5
conftest.c: In function 'main':
conftest.c:61:4: warning: implicit declaration of function 'exit' [-Wimplicit-function-declaration]
   61 |    exit (status);
      |    ^~~~
conftest.c:61:4: warning: incompatible implicit declaration of built-in function 'exit'
conftest.c:55:1: note: include '<stdlib.h>' or provide a declaration of 'exit'
   54 | #include <math.h>
  +++ |+#include <stdlib.h>
   55 | int main (void)
configure:9961: $? = 0
configure:9961: ./conftest
configure:9961: $? = 0
configure:9972: result: yes
configure:9981: checking for IEEE denormalized values
configure:10003: gcc -o conftest -g -O2   conftest.c -lm  >&5
conftest.c: In function 'main':
conftest.c:63:4: warning: implicit declaration of function 'exit' [-Wimplicit-function-declaration]
   63 |    exit (status);
      |    ^~~~
conftest.c:63:4: warning: incompatible implicit declaration of built-in function 'exit'
conftest.c:56:1: note: include '<stdlib.h>' or provide a declaration of 'exit'
   55 | #include <math.h>
  +++ |+#include <stdlib.h>
   56 | int main (void)
configure:10003: $? = 0
configure:10003: ./conftest
configure:10003: $? = 0
configure:10014: result: yes
configure:10145: checking that generated files are newer than configure
configure:10151: result: done
configure:10178: creating ./config.status

## ---------------------- ##
## Running config.status. ##
## ---------------------- ##

This file was extended by gsl config.status 2.6, which was
generated by GNU Autoconf 2.69.  Invocation command line was

  CONFIG_FILES    = 
  CONFIG_HEADERS  = 
  CONFIG_LINKS    = 
  CONFIG_COMMANDS = 
  $ ./config.status 

on lukas-ThinkPad

config.status:1203: creating Makefile
config.status:1203: creating gsl_version.h
config.status:1203: creating gsl.spec
config.status:1203: creating blas/Makefile
config.status:1203: creating block/Makefile
config.status:1203: creating bspline/Makefile
config.status:1203: creating bst/Makefile
config.status:1203: creating cblas/Makefile
config.status:1203: creating cdf/Makefile
config.status:1203: creating cheb/Makefile
config.status:1203: creating combination/Makefile
config.status:1203: creating complex/Makefile
config.status:1203: creating const/Makefile
config.status:1203: creating deriv/Makefile
config.status:1203: creating dht/Makefile
config.status:1203: creating diff/Makefile
config.status:1203: creating doc/Makefile
config.status:1203: creating doc/examples/Makefile
config.status:1203: creating eigen/Makefile
config.status:1203: creating err/Makefile
config.status:1203: creating fft/Makefile
config.status:1203: creating filter/Makefile
config.status:1203: creating fit/Makefile
config.status:1203: creating gsl/Makefile
config.status:1203: creating histogram/Makefile
config.status:1203: creating ieee-utils/Makefile
config.status:1203: creating integration/Makefile
config.status:1203: creating interpolation/Makefile
config.status:1203: creating linalg/Makefile
config.status:1203: creating matrix/Makefile
config.status:1203: creating min/Makefile
config.status:1203: creating monte/Makefile
config.status:1203: creating movstat/Makefile
config.status:1203: creating multifit/Makefile
config.status:1203: creating multifit_nlinear/Makefile
config.status:1203: creating multilarge/Makefile
config.status:1203: creating multilarge_nlinear/Makefile
config.status:1203: creating multimin/Makefile
config.status:1203: creating multiroots/Makefile
config.status:1203: creating multiset/Makefile
config.status:1203: creating ntuple/Makefile
config.status:1203: creating ode-initval/Makefile
config.status:1203: creating ode-initval2/Makefile
config.status:1203: creating permutation/Makefile
config.status:1203: creating poly/Makefile
config.status:1203: creating qrng/Makefile
config.status:1203: creating randist/Makefile
config.status:1203: creating rng/Makefile
config.status:1203: creating roots/Makefile
config.status:1203: creating rstat/Makefile
config.status:1203: creating siman/Makefile
config.status:1203: creating sort/Makefile
config.status:1203: creating spblas/Makefile
config.status:1203: creating splinalg/Makefile
config.status:1203: creating spmatrix/Makefile
config.status:1203: creating specfunc/Makefile
config.status:1203: creating statistics/Makefile
config.status:1203: creating sum/Makefile
config.status:1203: creating sys/Makefile
config.status:1203: creating test/Makefile
config.status:1203: creating utils/Makefile
config.status:1203: creating vector/Makefile
config.status:1203: creating wavelet/Makefile
config.status:1203: creating config.h
config.status:1384: config.h is unchanged
config.status:1432: executing depfiles commands
config.status:1432: executing libtool commands

## ---------------- ##
## Cache variables. ##
## ---------------- ##

ac_cv_build=x86_64-unknown-linux-gnu
ac_cv_c_c99inline=yes
ac_cv_c_char_unsigned=no
ac_cv_c_compiler_gnu=yes
ac_cv_c_extended_fp=yes
ac_cv_c_extern_inline=no
ac_cv_c_fpu_setcw=yes
ac_cv_c_fpu_sse=yes
ac_cv_c_ieee_comparisons=yes
ac_cv_c_ieee_denormals=yes
ac_cv_c_ieee_flags=none
ac_cv_c_ieee_interface=gnux86
ac_cv_c_inline=inline
ac_cv_c_volatile=yes
ac_cv_decl_exit_success_and_failure=yes
ac_cv_env_CC_set=
ac_cv_env_CC_value=
ac_cv_env_CFLAGS_set=
ac_cv_env_CFLAGS_value=
ac_cv_env_CPPFLAGS_set=
ac_cv_env_CPPFLAGS_value=
ac_cv_env_CPP_set=
ac_cv_env_CPP_value=
ac_cv_env_LDFLAGS_set=
ac_cv_env_LDFLAGS_value=
ac_cv_env_LIBS_set=
ac_cv_env_LIBS_value=
ac_cv_env_build_alias_set=
ac_cv_env_build_alias_value=
ac_cv_env_host_alias_set=
ac_cv_env_host_alias_value=
ac_cv_env_target_alias_set=
ac_cv_env_target_alias_value=
ac_cv_func__doprnt=no
ac_cv_func_memcpy=yes
ac_cv_func_memmove=yes
ac_cv_func_printf_longdouble=yes
ac_cv_func_strdup=yes
ac_cv_func_strtol=yes
ac_cv_func_strtoul=yes
ac_cv_func_vprintf=yes
ac_cv_have_decl_acosh=yes
ac_cv_have_decl_asinh=yes
ac_cv_have_decl_atanh=yes
ac_cv_have_decl_expm1=yes
ac_cv_have_decl_feenableexcept=yes
ac_cv_have_decl_fesettrapenable=no
ac_cv_have_decl_finite=yes
ac_cv_have_decl_fprnd_t=no
ac_cv_have_decl_frexp=yes
ac_cv_have_decl_hypot=yes
ac_cv_have_decl_isfinite=yes
ac_cv_have_decl_isinf=yes
ac_cv_have_decl_isnan=yes
ac_cv_have_decl_ldexp=yes
ac_cv_have_decl_log1p=yes
ac_cv_header_dlfcn_h=yes
ac_cv_header_ieeefp_h=no
ac_cv_header_inttypes_h=yes
ac_cv_header_memory_h=yes
ac_cv_header_stdc=yes
ac_cv_header_stdint_h=yes
ac_cv_header_stdlib_h=yes
ac_cv_header_string_h=yes
ac_cv_header_strings_h=yes
ac_cv_header_sys_stat_h=yes
ac_cv_header_sys_types_h=yes
ac_cv_header_unistd_h=yes
ac_cv_host=x86_64-unknown-linux-gnu
ac_cv_lib_m_cos=yes
ac_cv_objext=o
ac_cv_path_EGREP='/usr/bin/grep -E'
ac_cv_path_FGREP='/usr/bin/grep -F'
ac_cv_path_GREP=/usr/bin/grep
ac_cv_path_SED=/usr/bin/sed
ac_cv_path_install='/usr/bin/install -c'
ac_cv_path_mkdir=/usr/bin/mkdir
ac_cv_prog_AWK=mawk
ac_cv_prog_CPP='gcc -E'
ac_cv_prog_ac_ct_AR=ar
ac_cv_prog_ac_ct_CC=gcc
ac_cv_prog_ac_ct_MANIFEST_TOOL=mt
ac_cv_prog_ac_ct_OBJDUMP=objdump
ac_cv_prog_ac_ct_RANLIB=ranlib
ac_cv_prog_ac_ct_STRIP=strip
ac_cv_prog_cc_c89=
ac_cv_prog_cc_g=yes
ac_cv_prog_make_make_set=yes
ac_cv_type_size_t=yes
am_cv_CC_dependencies_compiler_type=gcc3
am_cv_make_support_nested_variables=yes
lt_cv_ar_at_file=@
lt_cv_archive_cmds_need_lc=no
lt_cv_deplibs_check_method=pass_all
lt_cv_file_magic_cmd='$MAGIC_CMD'
lt_cv_file_magic_test_file=
lt_cv_ld_reload_flag=-r
lt_cv_nm_interface='BSD nm'
lt_cv_objdir=.libs
lt_cv_path_LD=/usr/bin/ld
lt_cv_path_NM='/usr/bin/nm -B'
lt_cv_path_mainfest_tool=no
lt_cv_prog_compiler_c_o=yes
lt_cv_prog_compiler_pic='-fPIC -DPIC'
lt_cv_prog_compiler_pic_works=yes
lt_cv_prog_compiler_rtti_exceptions=no
lt_cv_prog_compiler_static_works=yes
lt_cv_prog_gnu_ld=yes
lt_cv_sharedlib_from_linklib_cmd='printf %s\n'
lt_cv_shlibpath_overrides_runpath=yes
lt_cv_sys_global_symbol_pipe='sed -n -e '\''s/^.*[	 ]\([ABCDGIRSTW][ABCDGIRSTW]*\)[	 ][	 ]*\([_A-Za-z][_A-Za-z0-9]*\)$/\1 \2 \2/p'\'' | sed '\''/ __gnu_lto/d'\'''
lt_cv_sys_global_symbol_to_c_name_address='sed -n -e '\''s/^: \([^ ]*\)[ ]*$/  {\"\1\", (void *) 0},/p'\'' -e '\''s/^[ABCDGIRSTW]* \([^ ]*\) \([^ ]*\)$/  {"\2", (void *) \&\2},/p'\'''
lt_cv_sys_global_symbol_to_c_name_address_lib_prefix='sed -n -e '\''s/^: \([^ ]*\)[ ]*$/  {\"\1\", (void *) 0},/p'\'' -e '\''s/^[ABCDGIRSTW]* \([^ ]*\) \(lib[^ ]*\)$/  {"\2", (void *) \&\2},/p'\'' -e '\''s/^[ABCDGIRSTW]* \([^ ]*\) \([^ ]*\)$/  {"lib\2", (void *) \&\2},/p'\'''
lt_cv_sys_global_symbol_to_cdecl='sed -n -e '\''s/^T .* \(.*\)$/extern int \1();/p'\'' -e '\''s/^[ABCDGIRSTW]* .* \(.*\)$/extern char \1;/p'\'''
lt_cv_sys_max_cmd_len=1572864
lt_cv_to_host_file_cmd=func_convert_file_noop
lt_cv_to_tool_file_cmd=func_convert_file_noop

## ----------------- ##
## Output variables. ##
## ----------------- ##

ACLOCAL='${SHELL} /home/lukas/Daten/ETH/4_Semester/Code/optimal-noise-sheila/src/gsl/gsl-2.6/missing aclocal-1.13'
AMDEPBACKSLASH='\'
AMDEP_FALSE='#'
AMDEP_TRUE=''
AMTAR='$${TAR-tar}'
AM_BACKSLASH='\'
AM_DEFAULT_V='$(AM_DEFAULT_VERBOSITY)'
AM_DEFAULT_VERBOSITY='1'
AM_V='$(V)'
AR='ar'
AS='as'
AUTOCONF='${SHELL} /home/lukas/Daten/ETH/4_Semester/Code/optimal-noise-sheila/src/gsl/gsl-2.6/missing autoconf'
AUTOHEADER='${SHELL} /home/lukas/Daten/ETH/4_Semester/Code/optimal-noise-sheila/src/gsl/gsl-2.6/missing autoheader'
AUTOMAKE='${SHELL} /home/lukas/Daten/ETH/4_Semester/Code/optimal-noise-sheila/src/gsl/gsl-2.6/missing automake-1.13'
AWK='mawk'
CC='gcc'
CCDEPMODE='depmode=gcc3'
CFLAGS='-g -O2'
CPP='gcc -E'
CPPFLAGS=''
CYGPATH_W='echo'
DEFS='-DHAVE_CONFIG_H'
DEPDIR='.deps'
DLLTOOL='false'
DSYMUTIL=''
DUMPBIN=''
ECHO_C=''
ECHO_N='-n'
ECHO_T=''
EGREP='/usr/bin/grep -E'
EXEEXT=''
FGREP='/usr/bin/grep -F'
GREP='/usr/bin/grep'
GSLCBLAS_LDFLAGS=''
GSL_CFLAGS='-I${prefix}/include'
GSL_LDFLAGS=''
GSL_LIBADD=''
GSL_LIBM='-lm'
GSL_LIBS='-L${exec_prefix}/lib -lgsl'
GSL_LT_CBLAS_VERSION='0:0:0'
GSL_LT_VERSION='25:0:0'
GSL_MAJOR_VERSION='2'
GSL_MINOR_VERSION='6'
HAVE_AIX_IEEE_INTERFACE=''
HAVE_DARWIN86_IEEE_INTERFACE=''
HAVE_DARWIN_IEEE_INTERFACE=''
HAVE_FREEBSD_IEEE_INTERFACE=''
HAVE_GNUM68K_IEEE_INTERFACE=''
HAVE_GNUPPC_IEEE_INTERFACE=''
HAVE_GNUSPARC_IEEE_INTERFACE=''
HAVE_GNUX86_IEEE_INTERFACE=''
HAVE_HPUX11_IEEE_INTERFACE=''
HAVE_HPUX_IEEE_INTERFACE=''
HAVE_IRIX_IEEE_INTERFACE=''
HAVE_NETBSD_IEEE_INTERFACE=''
HAVE_OPENBSD_IEEE_INTERFACE=''
HAVE_OS2EMX_IEEE_INTERFACE=''
HAVE_SOLARIS_IEEE_INTERFACE=''
HAVE_SUNOS4_IEEE_INTERFACE=''
HAVE_TRU64_IEEE_INTERFACE=''
INSTALL_DATA='${INSTALL} -m 644'
INSTALL_PROGRAM='${INSTALL}'
INSTALL_SCRIPT='${INSTALL}'
INSTALL_STRIP_PROGRAM='$(install_sh) -c -s'
LD='/usr/bin/ld -m elf_x86_64'
LDFLAGS=''
LIBM='-lm'
LIBOBJS=''
LIBS='-lm '
LIBTOOL='$(SHELL) $(top_builddir)/libtool'
LIPO=''
LN_S='ln -s'
LTLIBOBJS=''
MAINT='#'
MAINTAINER_MODE_FALSE=''
MAINTAINER_MODE_TRUE='#'
MAKEINFO='${SHELL} /home/lukas/Daten/ETH/4_Semester/Code/optimal-noise-sheila/src/gsl/gsl-2.6/missing makeinfo'
MANIFEST_TOOL=':'
MKDIR_P='/usr/bin/mkdir -p'
NM='/usr/bin/nm -B'
NMEDIT=''
OBJDUMP='objdump'
OBJEXT='o'
OTOOL64=''
OTOOL=''
PACKAGE='gsl'
PACKAGE_BUGREPORT=''
PACKAGE_NAME='gsl'
PACKAGE_STRING='gsl 2.6'
PACKAGE_TARNAME='gsl'
PACKAGE_URL=''
PACKAGE_VERSION='2.6'
PATH_SEPARATOR=':'
RANLIB='ranlib'
SED='/usr/bin/sed'
SET_MAKE=''
SHELL='/bin/bash'
STRIP='strip'
VERSION='2.6'
ac_ct_AR='ar'
ac_ct_CC='gcc'
ac_ct_DUMPBIN=''
am__EXEEXT_FALSE=''
am__EXEEXT_TRUE='#'
am__fastdepCC_FALSE='#'
am__fastdepCC_TRUE=''
am__include='include'
am__isrc=''
am__leading_dot='.'
am__nodep='_no'
am__quote=''
am__tar='$${TAR-tar} chof - "$$tardir"'
am__untar='$${TAR-tar} xf -'
bindir='${exec_prefix}/bin'
build='x86_64-unknown-linux-gnu'
build_alias=''
build_cpu='x86_64'
build_os='linux-gnu'
build_vendor='unknown'
datadir='${datarootdir}'
datarootdir='${prefix}/share'
docdir='${datarootdir}/doc/${PACKAGE_TARNAME}'
dvidir='${docdir}'
exec_prefix='${prefix}'
host='x86_64-unknown-linux-gnu'
host_alias=''
host_cpu='x86_64'
host_os='linux-gnu'
host_vendor='unknown'
htmldir='${docdir}'
includedir='${prefix}/include'
infodir='${datarootdir}/info'
install_sh='${SHELL} /home/lukas/Daten/ETH/4_Semester/Code/optimal-noise-sheila/src/gsl/gsl-2.6/install-sh'
libdir='${exec_prefix}/lib'
libexecdir='${exec_prefix}/libexec'
localedir='${datarootdir}/locale'
localstatedir='${prefix}/var'
mandir='${datarootdir}/man'
mkdir_p='$(MKDIR_P)'
oldincludedir='/usr/include'
pdfdir='${docdir}'
prefix='/usr/local'
program_transform_name='s,x,x,'
psdir='${docdir}'
sbindir='${exec_prefix}/sbin'
sharedstatedir='${prefix}/com'
sysconfdir='${prefix}/etc'
target_alias=''

## ----------- ##
## confdefs.h. ##
## ----------- ##

/* confdefs.h */
#define PACKAGE_NAME "gsl"
#define PACKAGE_TARNAME "gsl"
#define PACKAGE_VERSION "2.6"
#define PACKAGE_STRING "gsl 2.6"
#define PACKAGE_BUGREPORT ""
#define PACKAGE_URL ""
#define PACKAGE "gsl"
#define VERSION "2.6"
#define RELEASED /**/
#define STDC_HEADERS 1
#define HAVE_SYS_TYPES_H 1
#define HAVE_SYS_STAT_H 1
#define HAVE_STDLIB_H 1
#define HAVE_STRING_H 1
#define HAVE_MEMORY_H 1
#define HAVE_STRINGS_H 1
#define HAVE_INTTYPES_H 1
#define HAVE_STDINT_H 1
#define HAVE_UNISTD_H 1
#define HAVE_DLFCN_H 1
#define LT_OBJDIR ".libs/"
#define HAVE_INLINE 1
#define HAVE_C99_INLINE 1
#define HAVE_VPRINTF 1
#define HAVE_MEMCPY 1
#define HAVE_MEMMOVE 1
#define HAVE_STRDUP 1
#define HAVE_STRTOL 1
#define HAVE_STRTOUL 1
#define HAVE_EXIT_SUCCESS_AND_FAILURE 1
#define HAVE_LIBM 1
#define HAVE_DECL_FEENABLEEXCEPT 1
#define HAVE_DECL_FESETTRAPENABLE 0
#define HAVE_DECL_HYPOT 1
#define HAVE_DECL_EXPM1 1
#define HAVE_DECL_ACOSH 1
#define HAVE_DECL_ASINH 1
#define HAVE_DECL_ATANH 1
#define HAVE_DECL_LDEXP 1
#define HAVE_DECL_FREXP 1
#define HAVE_DECL_FPRND_T 0
#define HAVE_DECL_ISINF 1
#define HAVE_DECL_ISFINITE 1
#define HAVE_DECL_FINITE 1
#define HAVE_DECL_ISNAN 1
#define HAVE_DECL_LOG1P 1
#define HAVE_PRINTF_LONGDOUBLE 1
#define HAVE_EXTENDED_PRECISION_REGISTERS 1
#define HAVE_FPU_X86_SSE 1
#define HAVE_GNUX86_IEEE_INTERFACE 1
#define HAVE_IEEE_COMPARISONS 1
#define HAVE_IEEE_DENORMALS 1

configure: exit 0
